<?xml version="1.0" encoding="UTF-8"?>
<testng-results ignored="0" total="1" passed="1" failed="0" skipped="0">
  <reporter-output>
  </reporter-output>
  <suite started-at="2022-07-26T12:48:41 IST" name="Default suite" finished-at="2022-07-26T12:48:41 IST" duration-ms="61">
    <groups>
    </groups>
    <test started-at="2022-07-26T12:48:41 IST" name="Default test" finished-at="2022-07-26T12:48:41 IST" duration-ms="61">
      <class name="NewClass.CLassNmeTest">
        <test-method signature="display()[pri:0, instance:NewClass.CLassNmeTest@a530d0a]" started-at="2022-07-26T12:48:41 IST" name="display" finished-at="2022-07-26T12:48:41 IST" duration-ms="12" status="PASS">
          <reporter-output>
          </reporter-output>
        </test-method> <!-- display -->
      </class> <!-- NewClass.CLassNmeTest -->
    </test> <!-- Default test -->
  </suite> <!-- Default suite -->
</testng-results>
